<?xml version="1.0" encoding="UTF-8"?>
<testng-results ignored="0" total="1" passed="1" failed="0" skipped="0">
  <reporter-output>
  </reporter-output>
  <suite started-at="2019-11-23T20:16:13 IST" name="Default suite" finished-at="2019-11-23T20:16:42 IST" duration-ms="29115">
    <groups>
    </groups>
    <test started-at="2019-11-23T20:16:13 IST" name="Default test" finished-at="2019-11-23T20:16:42 IST" duration-ms="29115">
      <class name="mylearn7.ExcelHomeWork">
        <test-method signature="Exceldata()[pri:0, instance:mylearn7.ExcelHomeWork@37918c79]" started-at="2019-11-23T20:16:13 IST" name="Exceldata" finished-at="2019-11-23T20:16:42 IST" duration-ms="28980" status="PASS">
          <reporter-output>
          </reporter-output>
        </test-method> <!-- Exceldata -->
      </class> <!-- mylearn7.ExcelHomeWork -->
    </test> <!-- Default test -->
  </suite> <!-- Default suite -->
</testng-results>
